<component name="libraryTable">
  <library name="junit_junit_4.8.2_test">
    <CLASSES>
      <root url="jar://C:/compi/play/play-2.0.3/repository/local/junit/junit/4.8.2/jars/junit.jar!/" />
    </CLASSES>
    <JAVADOC />
    <SOURCES />
  </library>
</component>